{"name": "test_Period_2part", "status": "broken", "statusDetails": {"message": "selenium.common.exceptions.TimeoutException: Message:", "trace": "selenium_case\\test_case\\test_loan_calculation.py:28: in test_Period_2part\n    PC_load_rate_2phase(self.driver, '3', '1.11','1.33')\nselenium_case\\test_page\\loan_calculation.py:28: in PC_load_rate_2phase\n    webdriver_base.wait_element_by_id(driver, \"rbPeriodTimes2\").click()\nModule\\base.py:79: in wait_element_by_id\n    return WebDriverWait(driver,5,0.3).until(lambda x: x.find_element_by_id(path))\nC:\\Users\\pc\\AppData\\Local\\Programs\\Python\\Python39\\lib\\site-packages\\selenium\\webdriver\\support\\wait.py:80: in until\n    raise TimeoutException(message, screen, stacktrace)\nE   selenium.common.exceptions.TimeoutException: Message:"}, "start": 1628148747633, "stop": 1628148761256, "uuid": "920ff7aa-d403-4332-b141-e45a089c3265", "historyId": "7b4d643561f8c15932c0415beaf31a42", "testCaseId": "01ed7d460114aa58ec08ff096142896a", "fullName": "selenium_case.test_case.test_loan_calculation.Test_loan_calculation#test_Period_2part", "labels": [{"name": "parentSuite", "value": "selenium_case.test_case"}, {"name": "suite", "value": "test_loan_calculation"}, {"name": "subSuite", "value": "Test_loan_calculation"}, {"name": "host", "value": "DESKTOP-KUIP11U"}, {"name": "thread", "value": "14060-MainThread"}, {"name": "framework", "value": "pytest"}, {"name": "language", "value": "cpython3"}, {"name": "package", "value": "selenium_case.test_case.test_loan_calculation"}]}