{"name": "test_Period_2par_PCt", "status": "broken", "statusDetails": {"message": "selenium.common.exceptions.TimeoutException: Message:", "trace": "selenium_case\\test_case\\test_loan_calculation.py:40: in test_Period_2par_PCt\n    PC_load_rate_2phase(self.driver, '3', '1.11','1.33')\nselenium_case\\test_page\\loan_calculation.py:28: in PC_load_rate_2phase\n    webdriver_base.wait_element_by_id(driver, \"rbPeriodTimes2\").click()\nModule\\base.py:79: in wait_element_by_id\n    return WebDriverWait(driver,5,0.3).until(lambda x: x.find_element_by_id(path))\nC:\\Users\\pc\\AppData\\Local\\Programs\\Python\\Python39\\lib\\site-packages\\selenium\\webdriver\\support\\wait.py:80: in until\n    raise TimeoutException(message, screen, stacktrace)\nE   selenium.common.exceptions.TimeoutException: Message:"}, "start": 1628502080893, "stop": 1628502090448, "uuid": "ca83ea22-16c8-4c53-86a8-350c7eb9f421", "historyId": "105ee3ced9bfc4bdd415e27dd8bc8476", "testCaseId": "8b2887faae32bf98f080d199e0fe9549", "fullName": "selenium_case.test_case.test_loan_calculation.Test_loan_calculation#test_Period_2par_PCt", "labels": [{"name": "parentSuite", "value": "selenium_case.test_case"}, {"name": "suite", "value": "test_loan_calculation"}, {"name": "subSuite", "value": "Test_loan_calculation"}, {"name": "host", "value": "DESKTOP-KUIP11U"}, {"name": "thread", "value": "3636-MainThread"}, {"name": "framework", "value": "pytest"}, {"name": "language", "value": "cpython3"}, {"name": "package", "value": "selenium_case.test_case.test_loan_calculation"}]}