{"name": "test_Period_1part", "status": "broken", "statusDetails": {"message": "selenium.common.exceptions.TimeoutException: Message:", "trace": "selenium_case\\test_case\\test_loan_calculation.py:24: in test_Period_1part\n    M_load_rate_1phase(self.driver, '1.11')\nselenium_case\\test_page\\loan_calculation.py:55: in M_load_rate_1phase\n    webdriver_base.wait_element_by_xpath(driver, '\"active\"').click()\nModule\\base.py:68: in wait_element_by_xpath\n    return WebDriverWait(driver,5,0.3).until(lambda x: x.find_element_by_xpath(path))\nC:\\Users\\pc\\AppData\\Local\\Programs\\Python\\Python39\\lib\\site-packages\\selenium\\webdriver\\support\\wait.py:80: in until\n    raise TimeoutException(message, screen, stacktrace)\nE   selenium.common.exceptions.TimeoutException: Message:"}, "start": 1628148728185, "stop": 1628148737050, "uuid": "9a5b2306-0095-4f5e-97af-a9d04df450ee", "historyId": "2c533f3decf1fcaa861151602f3fdbed", "testCaseId": "0864080fb78f6e0110a8025169d9747b", "fullName": "selenium_case.test_case.test_loan_calculation.Test_loan_calculation#test_Period_1part", "labels": [{"name": "parentSuite", "value": "selenium_case.test_case"}, {"name": "suite", "value": "test_loan_calculation"}, {"name": "subSuite", "value": "Test_loan_calculation"}, {"name": "host", "value": "DESKTOP-KUIP11U"}, {"name": "thread", "value": "14060-MainThread"}, {"name": "framework", "value": "pytest"}, {"name": "language", "value": "cpython3"}, {"name": "package", "value": "selenium_case.test_case.test_loan_calculation"}]}