{"name": "test_Period_1part_PC", "status": "broken", "statusDetails": {"message": "selenium.common.exceptions.TimeoutException: Message:", "trace": "selenium_case\\test_case\\test_loan_calculation.py:36: in test_Period_1part_PC\n    PC_load_rate_1phase(self.driver, '1.11')\nselenium_case\\test_page\\loan_calculation.py:20: in PC_load_rate_1phase\n    webdriver_base.wait_element_by_id(driver, \"rbPeriodTimes1\").click()\nModule\\base.py:79: in wait_element_by_id\n    return WebDriverWait(driver,5,0.3).until(lambda x: x.find_element_by_id(path))\nC:\\Users\\pc\\AppData\\Local\\Programs\\Python\\Python39\\lib\\site-packages\\selenium\\webdriver\\support\\wait.py:80: in until\n    raise TimeoutException(message, screen, stacktrace)\nE   selenium.common.exceptions.TimeoutException: Message:"}, "start": 1628150927932, "stop": 1628150936514, "uuid": "8e43e209-f7a0-460d-a5d3-07a72be8693e", "historyId": "2a5ee340f010435e68c89bc9ac5b6a1d", "testCaseId": "4af309962cf9ebb4e442ffd408278603", "fullName": "selenium_case.test_case.test_loan_calculation.Test_loan_calculation#test_Period_1part_PC", "labels": [{"name": "parentSuite", "value": "selenium_case.test_case"}, {"name": "suite", "value": "test_loan_calculation"}, {"name": "subSuite", "value": "Test_loan_calculation"}, {"name": "host", "value": "DESKTOP-KUIP11U"}, {"name": "thread", "value": "14436-MainThread"}, {"name": "framework", "value": "pytest"}, {"name": "language", "value": "cpython3"}, {"name": "package", "value": "selenium_case.test_case.test_loan_calculation"}]}