{"name": "test_Period_1part", "status": "broken", "statusDetails": {"message": "selenium.common.exceptions.TimeoutException: Message:", "trace": "selenium_case\\test_case\\test_loan_calculation.py:22: in test_Period_1part\n    load_rate_1phase(self.driver, '1.11')\nselenium_case\\test_page\\loan_calculation.py:11: in load_rate_1phase\n    webdriver_base.wait_element_by_id(driver, \"rbPeriodTimes1\").click()\nModule\\base.py:79: in wait_element_by_id\n    return WebDriverWait(driver,5,0.3).until(lambda x: x.find_element_by_id(path))\nC:\\Users\\pc\\AppData\\Local\\Programs\\Python\\Python39\\lib\\site-packages\\selenium\\webdriver\\support\\wait.py:80: in until\n    raise TimeoutException(message, screen, stacktrace)\nE   selenium.common.exceptions.TimeoutException: Message:"}, "start": 1628147243567, "stop": 1628147250501, "uuid": "2dfb829b-ac85-4f10-9eae-20d8f25334e3", "historyId": "2c533f3decf1fcaa861151602f3fdbed", "testCaseId": "0864080fb78f6e0110a8025169d9747b", "fullName": "selenium_case.test_case.test_loan_calculation.Test_loan_calculation#test_Period_1part", "labels": [{"name": "parentSuite", "value": "selenium_case.test_case"}, {"name": "suite", "value": "test_loan_calculation"}, {"name": "subSuite", "value": "Test_loan_calculation"}, {"name": "host", "value": "DESKTOP-KUIP11U"}, {"name": "thread", "value": "8344-MainThread"}, {"name": "framework", "value": "pytest"}, {"name": "language", "value": "cpython3"}, {"name": "package", "value": "selenium_case.test_case.test_loan_calculation"}]}