{"name": "test_Period_2part_PC", "status": "broken", "statusDetails": {"message": "selenium.common.exceptions.TimeoutException: Message:", "trace": "selenium_case\\test_case\\test_loan_calculation.py:44: in test_Period_2part_PC\n    PC_load_rate_3phase(self.driver, '3','7', '1.11','1.33','1.45')\nselenium_case\\test_page\\loan_calculation.py:40: in PC_load_rate_3phase\n    webdriver_base.wait_element_by_id(driver, \"rbPeriodTimes3\").click()\nModule\\base.py:79: in wait_element_by_id\n    return WebDriverWait(driver,5,0.3).until(lambda x: x.find_element_by_id(path))\nC:\\Users\\pc\\AppData\\Local\\Programs\\Python\\Python39\\lib\\site-packages\\selenium\\webdriver\\support\\wait.py:80: in until\n    raise TimeoutException(message, screen, stacktrace)\nE   selenium.common.exceptions.TimeoutException: Message:"}, "start": 1628502100468, "stop": 1628502109928, "uuid": "7d14e5a8-dfc2-4ee4-a41a-eeb36ce92348", "historyId": "486905a3453d8e56426534e17a159595", "testCaseId": "917cb8230bd04b9a44ad15baf26a1aa5", "fullName": "selenium_case.test_case.test_loan_calculation.Test_loan_calculation#test_Period_2part_PC", "labels": [{"name": "parentSuite", "value": "selenium_case.test_case"}, {"name": "suite", "value": "test_loan_calculation"}, {"name": "subSuite", "value": "Test_loan_calculation"}, {"name": "host", "value": "DESKTOP-KUIP11U"}, {"name": "thread", "value": "3636-MainThread"}, {"name": "framework", "value": "pytest"}, {"name": "language", "value": "cpython3"}, {"name": "package", "value": "selenium_case.test_case.test_loan_calculation"}]}